[2025-07-23T19:10:38.357+0000] {processor.py:157} INFO - Started process (PID=27944) to work on /opt/airflow/dags/orders_dag.py
[2025-07-23T19:10:38.359+0000] {processor.py:829} INFO - Processing file /opt/airflow/dags/orders_dag.py for tasks to queue
[2025-07-23T19:10:38.360+0000] {logging_mixin.py:151} INFO - [2025-07-23T19:10:38.360+0000] {dagbag.py:536} INFO - Filling up the DagBag from /opt/airflow/dags/orders_dag.py
[2025-07-23T19:10:38.890+0000] {processor.py:839} INFO - DAG(s) dict_keys(['orders_dag']) retrieved from /opt/airflow/dags/orders_dag.py
[2025-07-23T19:10:38.913+0000] {logging_mixin.py:151} INFO - [2025-07-23T19:10:38.913+0000] {dag.py:2941} INFO - Sync 1 DAGs
[2025-07-23T19:10:38.946+0000] {logging_mixin.py:151} INFO - [2025-07-23T19:10:38.946+0000] {dag.py:3722} INFO - Setting next_dagrun for orders_dag to None, run_after=None
[2025-07-23T19:10:38.987+0000] {processor.py:179} INFO - Processing /opt/airflow/dags/orders_dag.py took 0.637 seconds
[2025-07-23T19:11:09.942+0000] {processor.py:157} INFO - Started process (PID=28188) to work on /opt/airflow/dags/orders_dag.py
[2025-07-23T19:11:09.945+0000] {processor.py:829} INFO - Processing file /opt/airflow/dags/orders_dag.py for tasks to queue
[2025-07-23T19:11:09.947+0000] {logging_mixin.py:151} INFO - [2025-07-23T19:11:09.946+0000] {dagbag.py:536} INFO - Filling up the DagBag from /opt/airflow/dags/orders_dag.py
[2025-07-23T19:11:10.213+0000] {processor.py:839} INFO - DAG(s) dict_keys(['orders_dag']) retrieved from /opt/airflow/dags/orders_dag.py
[2025-07-23T19:11:10.259+0000] {logging_mixin.py:151} INFO - [2025-07-23T19:11:10.259+0000] {dag.py:2941} INFO - Sync 1 DAGs
[2025-07-23T19:11:10.292+0000] {logging_mixin.py:151} INFO - [2025-07-23T19:11:10.291+0000] {dag.py:3722} INFO - Setting next_dagrun for orders_dag to None, run_after=None
[2025-07-23T19:11:10.336+0000] {processor.py:179} INFO - Processing /opt/airflow/dags/orders_dag.py took 0.403 seconds
[2025-07-23T19:11:40.800+0000] {processor.py:157} INFO - Started process (PID=28432) to work on /opt/airflow/dags/orders_dag.py
[2025-07-23T19:11:40.803+0000] {processor.py:829} INFO - Processing file /opt/airflow/dags/orders_dag.py for tasks to queue
[2025-07-23T19:11:40.805+0000] {logging_mixin.py:151} INFO - [2025-07-23T19:11:40.804+0000] {dagbag.py:536} INFO - Filling up the DagBag from /opt/airflow/dags/orders_dag.py
[2025-07-23T19:11:41.075+0000] {processor.py:839} INFO - DAG(s) dict_keys(['orders_dag']) retrieved from /opt/airflow/dags/orders_dag.py
[2025-07-23T19:11:41.119+0000] {logging_mixin.py:151} INFO - [2025-07-23T19:11:41.118+0000] {dag.py:2941} INFO - Sync 1 DAGs
[2025-07-23T19:11:41.151+0000] {logging_mixin.py:151} INFO - [2025-07-23T19:11:41.151+0000] {dag.py:3722} INFO - Setting next_dagrun for orders_dag to None, run_after=None
[2025-07-23T19:11:41.189+0000] {processor.py:179} INFO - Processing /opt/airflow/dags/orders_dag.py took 0.399 seconds
[2025-07-23T19:12:11.467+0000] {processor.py:157} INFO - Started process (PID=28676) to work on /opt/airflow/dags/orders_dag.py
[2025-07-23T19:12:11.469+0000] {processor.py:829} INFO - Processing file /opt/airflow/dags/orders_dag.py for tasks to queue
[2025-07-23T19:12:11.470+0000] {logging_mixin.py:151} INFO - [2025-07-23T19:12:11.470+0000] {dagbag.py:536} INFO - Filling up the DagBag from /opt/airflow/dags/orders_dag.py
[2025-07-23T19:12:11.738+0000] {processor.py:839} INFO - DAG(s) dict_keys(['orders_dag']) retrieved from /opt/airflow/dags/orders_dag.py
[2025-07-23T19:12:11.785+0000] {logging_mixin.py:151} INFO - [2025-07-23T19:12:11.784+0000] {dag.py:2941} INFO - Sync 1 DAGs
[2025-07-23T19:12:11.817+0000] {logging_mixin.py:151} INFO - [2025-07-23T19:12:11.816+0000] {dag.py:3722} INFO - Setting next_dagrun for orders_dag to None, run_after=None
[2025-07-23T19:12:11.878+0000] {processor.py:179} INFO - Processing /opt/airflow/dags/orders_dag.py took 0.421 seconds
[2025-07-23T19:12:42.213+0000] {processor.py:157} INFO - Started process (PID=28920) to work on /opt/airflow/dags/orders_dag.py
[2025-07-23T19:12:42.216+0000] {processor.py:829} INFO - Processing file /opt/airflow/dags/orders_dag.py for tasks to queue
[2025-07-23T19:12:42.218+0000] {logging_mixin.py:151} INFO - [2025-07-23T19:12:42.218+0000] {dagbag.py:536} INFO - Filling up the DagBag from /opt/airflow/dags/orders_dag.py
[2025-07-23T19:12:42.499+0000] {processor.py:839} INFO - DAG(s) dict_keys(['orders_dag']) retrieved from /opt/airflow/dags/orders_dag.py
[2025-07-23T19:12:42.591+0000] {logging_mixin.py:151} INFO - [2025-07-23T19:12:42.590+0000] {dag.py:2941} INFO - Sync 1 DAGs
[2025-07-23T19:12:42.643+0000] {logging_mixin.py:151} INFO - [2025-07-23T19:12:42.640+0000] {dag.py:3722} INFO - Setting next_dagrun for orders_dag to None, run_after=None
[2025-07-23T19:12:42.685+0000] {processor.py:179} INFO - Processing /opt/airflow/dags/orders_dag.py took 0.483 seconds
[2025-07-23T19:13:12.868+0000] {processor.py:157} INFO - Started process (PID=29175) to work on /opt/airflow/dags/orders_dag.py
[2025-07-23T19:13:12.870+0000] {processor.py:829} INFO - Processing file /opt/airflow/dags/orders_dag.py for tasks to queue
[2025-07-23T19:13:12.872+0000] {logging_mixin.py:151} INFO - [2025-07-23T19:13:12.871+0000] {dagbag.py:536} INFO - Filling up the DagBag from /opt/airflow/dags/orders_dag.py
[2025-07-23T19:13:13.253+0000] {processor.py:839} INFO - DAG(s) dict_keys(['orders_dag']) retrieved from /opt/airflow/dags/orders_dag.py
[2025-07-23T19:13:13.293+0000] {logging_mixin.py:151} INFO - [2025-07-23T19:13:13.293+0000] {dag.py:2941} INFO - Sync 1 DAGs
[2025-07-23T19:13:13.319+0000] {logging_mixin.py:151} INFO - [2025-07-23T19:13:13.319+0000] {dag.py:3722} INFO - Setting next_dagrun for orders_dag to None, run_after=None
[2025-07-23T19:13:13.352+0000] {processor.py:179} INFO - Processing /opt/airflow/dags/orders_dag.py took 0.494 seconds
[2025-07-23T19:13:43.588+0000] {processor.py:157} INFO - Started process (PID=29423) to work on /opt/airflow/dags/orders_dag.py
[2025-07-23T19:13:43.592+0000] {processor.py:829} INFO - Processing file /opt/airflow/dags/orders_dag.py for tasks to queue
[2025-07-23T19:13:43.595+0000] {logging_mixin.py:151} INFO - [2025-07-23T19:13:43.594+0000] {dagbag.py:536} INFO - Filling up the DagBag from /opt/airflow/dags/orders_dag.py
[2025-07-23T19:13:44.202+0000] {processor.py:839} INFO - DAG(s) dict_keys(['orders_dag']) retrieved from /opt/airflow/dags/orders_dag.py
[2025-07-23T19:13:44.317+0000] {logging_mixin.py:151} INFO - [2025-07-23T19:13:44.317+0000] {dag.py:2941} INFO - Sync 1 DAGs
[2025-07-23T19:13:44.350+0000] {logging_mixin.py:151} INFO - [2025-07-23T19:13:44.349+0000] {dag.py:3722} INFO - Setting next_dagrun for orders_dag to None, run_after=None
[2025-07-23T19:13:44.399+0000] {processor.py:179} INFO - Processing /opt/airflow/dags/orders_dag.py took 0.822 seconds
[2025-07-23T19:14:14.664+0000] {processor.py:157} INFO - Started process (PID=29672) to work on /opt/airflow/dags/orders_dag.py
[2025-07-23T19:14:14.667+0000] {processor.py:829} INFO - Processing file /opt/airflow/dags/orders_dag.py for tasks to queue
[2025-07-23T19:14:14.669+0000] {logging_mixin.py:151} INFO - [2025-07-23T19:14:14.668+0000] {dagbag.py:536} INFO - Filling up the DagBag from /opt/airflow/dags/orders_dag.py
[2025-07-23T19:14:14.822+0000] {processor.py:839} INFO - DAG(s) dict_keys(['orders_dag']) retrieved from /opt/airflow/dags/orders_dag.py
[2025-07-23T19:14:14.851+0000] {logging_mixin.py:151} INFO - [2025-07-23T19:14:14.851+0000] {dag.py:2941} INFO - Sync 1 DAGs
[2025-07-23T19:14:14.872+0000] {logging_mixin.py:151} INFO - [2025-07-23T19:14:14.872+0000] {dag.py:3722} INFO - Setting next_dagrun for orders_dag to None, run_after=None
[2025-07-23T19:14:14.900+0000] {processor.py:179} INFO - Processing /opt/airflow/dags/orders_dag.py took 0.245 seconds
[2025-07-23T19:14:45.183+0000] {processor.py:157} INFO - Started process (PID=29908) to work on /opt/airflow/dags/orders_dag.py
[2025-07-23T19:14:45.188+0000] {processor.py:829} INFO - Processing file /opt/airflow/dags/orders_dag.py for tasks to queue
[2025-07-23T19:14:45.193+0000] {logging_mixin.py:151} INFO - [2025-07-23T19:14:45.191+0000] {dagbag.py:536} INFO - Filling up the DagBag from /opt/airflow/dags/orders_dag.py
[2025-07-23T19:14:45.488+0000] {processor.py:839} INFO - DAG(s) dict_keys(['orders_dag']) retrieved from /opt/airflow/dags/orders_dag.py
[2025-07-23T19:14:45.548+0000] {logging_mixin.py:151} INFO - [2025-07-23T19:14:45.548+0000] {dag.py:2941} INFO - Sync 1 DAGs
[2025-07-23T19:14:45.589+0000] {logging_mixin.py:151} INFO - [2025-07-23T19:14:45.588+0000] {dag.py:3722} INFO - Setting next_dagrun for orders_dag to None, run_after=None
[2025-07-23T19:14:45.637+0000] {processor.py:179} INFO - Processing /opt/airflow/dags/orders_dag.py took 0.464 seconds
[2025-07-23T19:15:15.715+0000] {processor.py:157} INFO - Started process (PID=30157) to work on /opt/airflow/dags/orders_dag.py
[2025-07-23T19:15:15.718+0000] {processor.py:829} INFO - Processing file /opt/airflow/dags/orders_dag.py for tasks to queue
[2025-07-23T19:15:15.719+0000] {logging_mixin.py:151} INFO - [2025-07-23T19:15:15.719+0000] {dagbag.py:536} INFO - Filling up the DagBag from /opt/airflow/dags/orders_dag.py
[2025-07-23T19:15:15.866+0000] {processor.py:839} INFO - DAG(s) dict_keys(['orders_dag']) retrieved from /opt/airflow/dags/orders_dag.py
[2025-07-23T19:15:15.898+0000] {logging_mixin.py:151} INFO - [2025-07-23T19:15:15.897+0000] {dag.py:2941} INFO - Sync 1 DAGs
[2025-07-23T19:15:15.920+0000] {logging_mixin.py:151} INFO - [2025-07-23T19:15:15.920+0000] {dag.py:3722} INFO - Setting next_dagrun for orders_dag to None, run_after=None
[2025-07-23T19:15:15.955+0000] {processor.py:179} INFO - Processing /opt/airflow/dags/orders_dag.py took 0.246 seconds
[2025-07-23T19:15:46.744+0000] {processor.py:157} INFO - Started process (PID=30401) to work on /opt/airflow/dags/orders_dag.py
[2025-07-23T19:15:46.747+0000] {processor.py:829} INFO - Processing file /opt/airflow/dags/orders_dag.py for tasks to queue
[2025-07-23T19:15:46.749+0000] {logging_mixin.py:151} INFO - [2025-07-23T19:15:46.748+0000] {dagbag.py:536} INFO - Filling up the DagBag from /opt/airflow/dags/orders_dag.py
[2025-07-23T19:15:47.010+0000] {processor.py:839} INFO - DAG(s) dict_keys(['orders_dag']) retrieved from /opt/airflow/dags/orders_dag.py
[2025-07-23T19:15:47.043+0000] {logging_mixin.py:151} INFO - [2025-07-23T19:15:47.043+0000] {dag.py:2941} INFO - Sync 1 DAGs
[2025-07-23T19:15:47.064+0000] {logging_mixin.py:151} INFO - [2025-07-23T19:15:47.064+0000] {dag.py:3722} INFO - Setting next_dagrun for orders_dag to None, run_after=None
[2025-07-23T19:15:47.095+0000] {processor.py:179} INFO - Processing /opt/airflow/dags/orders_dag.py took 0.360 seconds
[2025-07-23T19:16:17.351+0000] {processor.py:157} INFO - Started process (PID=30645) to work on /opt/airflow/dags/orders_dag.py
[2025-07-23T19:16:17.356+0000] {processor.py:829} INFO - Processing file /opt/airflow/dags/orders_dag.py for tasks to queue
[2025-07-23T19:16:17.358+0000] {logging_mixin.py:151} INFO - [2025-07-23T19:16:17.357+0000] {dagbag.py:536} INFO - Filling up the DagBag from /opt/airflow/dags/orders_dag.py
[2025-07-23T19:16:17.664+0000] {processor.py:839} INFO - DAG(s) dict_keys(['orders_dag']) retrieved from /opt/airflow/dags/orders_dag.py
[2025-07-23T19:16:17.708+0000] {logging_mixin.py:151} INFO - [2025-07-23T19:16:17.707+0000] {dag.py:2941} INFO - Sync 1 DAGs
[2025-07-23T19:16:17.733+0000] {logging_mixin.py:151} INFO - [2025-07-23T19:16:17.732+0000] {dag.py:3722} INFO - Setting next_dagrun for orders_dag to None, run_after=None
[2025-07-23T19:16:17.773+0000] {processor.py:179} INFO - Processing /opt/airflow/dags/orders_dag.py took 0.432 seconds
[2025-07-23T19:16:48.079+0000] {processor.py:157} INFO - Started process (PID=30889) to work on /opt/airflow/dags/orders_dag.py
[2025-07-23T19:16:48.081+0000] {processor.py:829} INFO - Processing file /opt/airflow/dags/orders_dag.py for tasks to queue
[2025-07-23T19:16:48.083+0000] {logging_mixin.py:151} INFO - [2025-07-23T19:16:48.082+0000] {dagbag.py:536} INFO - Filling up the DagBag from /opt/airflow/dags/orders_dag.py
[2025-07-23T19:16:48.332+0000] {processor.py:839} INFO - DAG(s) dict_keys(['orders_dag']) retrieved from /opt/airflow/dags/orders_dag.py
[2025-07-23T19:16:48.363+0000] {logging_mixin.py:151} INFO - [2025-07-23T19:16:48.363+0000] {dag.py:2941} INFO - Sync 1 DAGs
[2025-07-23T19:16:48.382+0000] {logging_mixin.py:151} INFO - [2025-07-23T19:16:48.382+0000] {dag.py:3722} INFO - Setting next_dagrun for orders_dag to None, run_after=None
[2025-07-23T19:16:48.410+0000] {processor.py:179} INFO - Processing /opt/airflow/dags/orders_dag.py took 0.341 seconds
[2025-07-23T19:17:18.523+0000] {processor.py:157} INFO - Started process (PID=31133) to work on /opt/airflow/dags/orders_dag.py
[2025-07-23T19:17:18.526+0000] {processor.py:829} INFO - Processing file /opt/airflow/dags/orders_dag.py for tasks to queue
[2025-07-23T19:17:18.529+0000] {logging_mixin.py:151} INFO - [2025-07-23T19:17:18.528+0000] {dagbag.py:536} INFO - Filling up the DagBag from /opt/airflow/dags/orders_dag.py
[2025-07-23T19:17:18.771+0000] {processor.py:839} INFO - DAG(s) dict_keys(['orders_dag']) retrieved from /opt/airflow/dags/orders_dag.py
[2025-07-23T19:17:18.800+0000] {logging_mixin.py:151} INFO - [2025-07-23T19:17:18.800+0000] {dag.py:2941} INFO - Sync 1 DAGs
[2025-07-23T19:17:18.821+0000] {logging_mixin.py:151} INFO - [2025-07-23T19:17:18.821+0000] {dag.py:3722} INFO - Setting next_dagrun for orders_dag to None, run_after=None
[2025-07-23T19:17:18.848+0000] {processor.py:179} INFO - Processing /opt/airflow/dags/orders_dag.py took 0.334 seconds
[2025-07-23T19:17:49.197+0000] {processor.py:157} INFO - Started process (PID=31377) to work on /opt/airflow/dags/orders_dag.py
[2025-07-23T19:17:49.199+0000] {processor.py:829} INFO - Processing file /opt/airflow/dags/orders_dag.py for tasks to queue
[2025-07-23T19:17:49.201+0000] {logging_mixin.py:151} INFO - [2025-07-23T19:17:49.200+0000] {dagbag.py:536} INFO - Filling up the DagBag from /opt/airflow/dags/orders_dag.py
[2025-07-23T19:17:49.445+0000] {processor.py:839} INFO - DAG(s) dict_keys(['orders_dag']) retrieved from /opt/airflow/dags/orders_dag.py
[2025-07-23T19:17:49.477+0000] {logging_mixin.py:151} INFO - [2025-07-23T19:17:49.476+0000] {dag.py:2941} INFO - Sync 1 DAGs
[2025-07-23T19:17:49.495+0000] {logging_mixin.py:151} INFO - [2025-07-23T19:17:49.495+0000] {dag.py:3722} INFO - Setting next_dagrun for orders_dag to None, run_after=None
[2025-07-23T19:17:49.524+0000] {processor.py:179} INFO - Processing /opt/airflow/dags/orders_dag.py took 0.336 seconds
[2025-07-23T19:18:19.759+0000] {processor.py:157} INFO - Started process (PID=31619) to work on /opt/airflow/dags/orders_dag.py
[2025-07-23T19:18:19.762+0000] {processor.py:829} INFO - Processing file /opt/airflow/dags/orders_dag.py for tasks to queue
[2025-07-23T19:18:19.769+0000] {logging_mixin.py:151} INFO - [2025-07-23T19:18:19.768+0000] {dagbag.py:536} INFO - Filling up the DagBag from /opt/airflow/dags/orders_dag.py
[2025-07-23T19:18:20.721+0000] {processor.py:839} INFO - DAG(s) dict_keys(['orders_dag']) retrieved from /opt/airflow/dags/orders_dag.py
[2025-07-23T19:18:20.758+0000] {logging_mixin.py:151} INFO - [2025-07-23T19:18:20.758+0000] {dag.py:2941} INFO - Sync 1 DAGs
[2025-07-23T19:18:20.784+0000] {logging_mixin.py:151} INFO - [2025-07-23T19:18:20.783+0000] {dag.py:3722} INFO - Setting next_dagrun for orders_dag to None, run_after=None
[2025-07-23T19:18:20.820+0000] {processor.py:179} INFO - Processing /opt/airflow/dags/orders_dag.py took 1.083 seconds
[2025-07-23T19:18:51.093+0000] {processor.py:157} INFO - Started process (PID=31868) to work on /opt/airflow/dags/orders_dag.py
[2025-07-23T19:18:51.098+0000] {processor.py:829} INFO - Processing file /opt/airflow/dags/orders_dag.py for tasks to queue
[2025-07-23T19:18:51.103+0000] {logging_mixin.py:151} INFO - [2025-07-23T19:18:51.102+0000] {dagbag.py:536} INFO - Filling up the DagBag from /opt/airflow/dags/orders_dag.py
[2025-07-23T19:18:51.497+0000] {processor.py:839} INFO - DAG(s) dict_keys(['orders_dag']) retrieved from /opt/airflow/dags/orders_dag.py
[2025-07-23T19:18:51.527+0000] {logging_mixin.py:151} INFO - [2025-07-23T19:18:51.526+0000] {dag.py:2941} INFO - Sync 1 DAGs
[2025-07-23T19:18:51.562+0000] {logging_mixin.py:151} INFO - [2025-07-23T19:18:51.561+0000] {dag.py:3722} INFO - Setting next_dagrun for orders_dag to None, run_after=None
[2025-07-23T19:18:51.628+0000] {processor.py:179} INFO - Processing /opt/airflow/dags/orders_dag.py took 0.553 seconds
[2025-07-23T19:19:22.558+0000] {processor.py:157} INFO - Started process (PID=32114) to work on /opt/airflow/dags/orders_dag.py
[2025-07-23T19:19:22.562+0000] {processor.py:829} INFO - Processing file /opt/airflow/dags/orders_dag.py for tasks to queue
[2025-07-23T19:19:22.564+0000] {logging_mixin.py:151} INFO - [2025-07-23T19:19:22.563+0000] {dagbag.py:536} INFO - Filling up the DagBag from /opt/airflow/dags/orders_dag.py
[2025-07-23T19:19:22.832+0000] {processor.py:839} INFO - DAG(s) dict_keys(['orders_dag']) retrieved from /opt/airflow/dags/orders_dag.py
[2025-07-23T19:19:22.875+0000] {logging_mixin.py:151} INFO - [2025-07-23T19:19:22.874+0000] {dag.py:2941} INFO - Sync 1 DAGs
[2025-07-23T19:19:22.909+0000] {logging_mixin.py:151} INFO - [2025-07-23T19:19:22.909+0000] {dag.py:3722} INFO - Setting next_dagrun for orders_dag to None, run_after=None
[2025-07-23T19:19:22.948+0000] {processor.py:179} INFO - Processing /opt/airflow/dags/orders_dag.py took 0.399 seconds
[2025-07-23T19:19:53.136+0000] {processor.py:157} INFO - Started process (PID=32363) to work on /opt/airflow/dags/orders_dag.py
[2025-07-23T19:19:53.138+0000] {processor.py:829} INFO - Processing file /opt/airflow/dags/orders_dag.py for tasks to queue
[2025-07-23T19:19:53.140+0000] {logging_mixin.py:151} INFO - [2025-07-23T19:19:53.139+0000] {dagbag.py:536} INFO - Filling up the DagBag from /opt/airflow/dags/orders_dag.py
[2025-07-23T19:19:53.418+0000] {processor.py:839} INFO - DAG(s) dict_keys(['orders_dag']) retrieved from /opt/airflow/dags/orders_dag.py
[2025-07-23T19:19:53.460+0000] {logging_mixin.py:151} INFO - [2025-07-23T19:19:53.460+0000] {dag.py:2941} INFO - Sync 1 DAGs
[2025-07-23T19:19:53.490+0000] {logging_mixin.py:151} INFO - [2025-07-23T19:19:53.489+0000] {dag.py:3722} INFO - Setting next_dagrun for orders_dag to None, run_after=None
[2025-07-23T19:19:53.528+0000] {processor.py:179} INFO - Processing /opt/airflow/dags/orders_dag.py took 0.400 seconds
[2025-07-23T19:20:23.605+0000] {processor.py:157} INFO - Started process (PID=32612) to work on /opt/airflow/dags/orders_dag.py
[2025-07-23T19:20:23.609+0000] {processor.py:829} INFO - Processing file /opt/airflow/dags/orders_dag.py for tasks to queue
[2025-07-23T19:20:23.612+0000] {logging_mixin.py:151} INFO - [2025-07-23T19:20:23.611+0000] {dagbag.py:536} INFO - Filling up the DagBag from /opt/airflow/dags/orders_dag.py
[2025-07-23T19:20:23.894+0000] {processor.py:839} INFO - DAG(s) dict_keys(['orders_dag']) retrieved from /opt/airflow/dags/orders_dag.py
[2025-07-23T19:20:23.931+0000] {logging_mixin.py:151} INFO - [2025-07-23T19:20:23.930+0000] {dag.py:2941} INFO - Sync 1 DAGs
[2025-07-23T19:20:23.954+0000] {logging_mixin.py:151} INFO - [2025-07-23T19:20:23.953+0000] {dag.py:3722} INFO - Setting next_dagrun for orders_dag to None, run_after=None
[2025-07-23T19:20:23.990+0000] {processor.py:179} INFO - Processing /opt/airflow/dags/orders_dag.py took 0.395 seconds
[2025-07-23T19:20:54.318+0000] {processor.py:157} INFO - Started process (PID=32861) to work on /opt/airflow/dags/orders_dag.py
[2025-07-23T19:20:54.321+0000] {processor.py:829} INFO - Processing file /opt/airflow/dags/orders_dag.py for tasks to queue
[2025-07-23T19:20:54.322+0000] {logging_mixin.py:151} INFO - [2025-07-23T19:20:54.321+0000] {dagbag.py:536} INFO - Filling up the DagBag from /opt/airflow/dags/orders_dag.py
[2025-07-23T19:20:54.471+0000] {processor.py:839} INFO - DAG(s) dict_keys(['orders_dag']) retrieved from /opt/airflow/dags/orders_dag.py
[2025-07-23T19:20:54.504+0000] {logging_mixin.py:151} INFO - [2025-07-23T19:20:54.504+0000] {dag.py:2941} INFO - Sync 1 DAGs
[2025-07-23T19:20:54.524+0000] {logging_mixin.py:151} INFO - [2025-07-23T19:20:54.523+0000] {dag.py:3722} INFO - Setting next_dagrun for orders_dag to None, run_after=None
[2025-07-23T19:20:54.551+0000] {processor.py:179} INFO - Processing /opt/airflow/dags/orders_dag.py took 0.239 seconds
[2025-07-23T19:21:25.010+0000] {processor.py:157} INFO - Started process (PID=33096) to work on /opt/airflow/dags/orders_dag.py
[2025-07-23T19:21:25.014+0000] {processor.py:829} INFO - Processing file /opt/airflow/dags/orders_dag.py for tasks to queue
[2025-07-23T19:21:25.017+0000] {logging_mixin.py:151} INFO - [2025-07-23T19:21:25.016+0000] {dagbag.py:536} INFO - Filling up the DagBag from /opt/airflow/dags/orders_dag.py
[2025-07-23T19:21:25.318+0000] {processor.py:839} INFO - DAG(s) dict_keys(['orders_dag']) retrieved from /opt/airflow/dags/orders_dag.py
[2025-07-23T19:21:25.358+0000] {logging_mixin.py:151} INFO - [2025-07-23T19:21:25.358+0000] {dag.py:2941} INFO - Sync 1 DAGs
[2025-07-23T19:21:25.386+0000] {logging_mixin.py:151} INFO - [2025-07-23T19:21:25.385+0000] {dag.py:3722} INFO - Setting next_dagrun for orders_dag to None, run_after=None
[2025-07-23T19:21:25.431+0000] {processor.py:179} INFO - Processing /opt/airflow/dags/orders_dag.py took 0.429 seconds
[2025-07-23T19:21:55.928+0000] {processor.py:157} INFO - Started process (PID=33340) to work on /opt/airflow/dags/orders_dag.py
[2025-07-23T19:21:55.932+0000] {processor.py:829} INFO - Processing file /opt/airflow/dags/orders_dag.py for tasks to queue
[2025-07-23T19:21:55.934+0000] {logging_mixin.py:151} INFO - [2025-07-23T19:21:55.934+0000] {dagbag.py:536} INFO - Filling up the DagBag from /opt/airflow/dags/orders_dag.py
[2025-07-23T19:21:56.226+0000] {processor.py:839} INFO - DAG(s) dict_keys(['orders_dag']) retrieved from /opt/airflow/dags/orders_dag.py
[2025-07-23T19:21:56.269+0000] {logging_mixin.py:151} INFO - [2025-07-23T19:21:56.268+0000] {dag.py:2941} INFO - Sync 1 DAGs
[2025-07-23T19:21:56.298+0000] {logging_mixin.py:151} INFO - [2025-07-23T19:21:56.298+0000] {dag.py:3722} INFO - Setting next_dagrun for orders_dag to None, run_after=None
[2025-07-23T19:21:56.341+0000] {processor.py:179} INFO - Processing /opt/airflow/dags/orders_dag.py took 0.424 seconds
[2025-07-23T19:22:26.607+0000] {processor.py:157} INFO - Started process (PID=33594) to work on /opt/airflow/dags/orders_dag.py
[2025-07-23T19:22:26.609+0000] {processor.py:829} INFO - Processing file /opt/airflow/dags/orders_dag.py for tasks to queue
[2025-07-23T19:22:26.611+0000] {logging_mixin.py:151} INFO - [2025-07-23T19:22:26.610+0000] {dagbag.py:536} INFO - Filling up the DagBag from /opt/airflow/dags/orders_dag.py
[2025-07-23T19:22:26.754+0000] {processor.py:839} INFO - DAG(s) dict_keys(['orders_dag']) retrieved from /opt/airflow/dags/orders_dag.py
[2025-07-23T19:22:26.787+0000] {logging_mixin.py:151} INFO - [2025-07-23T19:22:26.787+0000] {dag.py:2941} INFO - Sync 1 DAGs
[2025-07-23T19:22:26.806+0000] {logging_mixin.py:151} INFO - [2025-07-23T19:22:26.806+0000] {dag.py:3722} INFO - Setting next_dagrun for orders_dag to None, run_after=None
[2025-07-23T19:22:26.835+0000] {processor.py:179} INFO - Processing /opt/airflow/dags/orders_dag.py took 0.234 seconds
[2025-07-23T19:22:57.025+0000] {processor.py:157} INFO - Started process (PID=33828) to work on /opt/airflow/dags/orders_dag.py
[2025-07-23T19:22:57.028+0000] {processor.py:829} INFO - Processing file /opt/airflow/dags/orders_dag.py for tasks to queue
[2025-07-23T19:22:57.029+0000] {logging_mixin.py:151} INFO - [2025-07-23T19:22:57.029+0000] {dagbag.py:536} INFO - Filling up the DagBag from /opt/airflow/dags/orders_dag.py
[2025-07-23T19:22:57.325+0000] {processor.py:839} INFO - DAG(s) dict_keys(['orders_dag']) retrieved from /opt/airflow/dags/orders_dag.py
[2025-07-23T19:22:57.367+0000] {logging_mixin.py:151} INFO - [2025-07-23T19:22:57.367+0000] {dag.py:2941} INFO - Sync 1 DAGs
[2025-07-23T19:22:57.398+0000] {logging_mixin.py:151} INFO - [2025-07-23T19:22:57.398+0000] {dag.py:3722} INFO - Setting next_dagrun for orders_dag to None, run_after=None
[2025-07-23T19:22:57.436+0000] {processor.py:179} INFO - Processing /opt/airflow/dags/orders_dag.py took 0.420 seconds
[2025-07-23T19:23:27.569+0000] {processor.py:157} INFO - Started process (PID=34075) to work on /opt/airflow/dags/orders_dag.py
[2025-07-23T19:23:27.570+0000] {processor.py:829} INFO - Processing file /opt/airflow/dags/orders_dag.py for tasks to queue
[2025-07-23T19:23:27.572+0000] {logging_mixin.py:151} INFO - [2025-07-23T19:23:27.572+0000] {dagbag.py:536} INFO - Filling up the DagBag from /opt/airflow/dags/orders_dag.py
[2025-07-23T19:23:27.837+0000] {processor.py:839} INFO - DAG(s) dict_keys(['orders_dag']) retrieved from /opt/airflow/dags/orders_dag.py
[2025-07-23T19:23:27.880+0000] {logging_mixin.py:151} INFO - [2025-07-23T19:23:27.880+0000] {dag.py:2941} INFO - Sync 1 DAGs
[2025-07-23T19:23:27.913+0000] {logging_mixin.py:151} INFO - [2025-07-23T19:23:27.913+0000] {dag.py:3722} INFO - Setting next_dagrun for orders_dag to None, run_after=None
[2025-07-23T19:23:27.952+0000] {processor.py:179} INFO - Processing /opt/airflow/dags/orders_dag.py took 0.392 seconds
[2025-07-23T19:23:58.027+0000] {processor.py:157} INFO - Started process (PID=34316) to work on /opt/airflow/dags/orders_dag.py
[2025-07-23T19:23:58.030+0000] {processor.py:829} INFO - Processing file /opt/airflow/dags/orders_dag.py for tasks to queue
[2025-07-23T19:23:58.032+0000] {logging_mixin.py:151} INFO - [2025-07-23T19:23:58.031+0000] {dagbag.py:536} INFO - Filling up the DagBag from /opt/airflow/dags/orders_dag.py
[2025-07-23T19:23:58.302+0000] {processor.py:839} INFO - DAG(s) dict_keys(['orders_dag']) retrieved from /opt/airflow/dags/orders_dag.py
[2025-07-23T19:23:58.356+0000] {logging_mixin.py:151} INFO - [2025-07-23T19:23:58.356+0000] {dag.py:2941} INFO - Sync 1 DAGs
[2025-07-23T19:23:58.384+0000] {logging_mixin.py:151} INFO - [2025-07-23T19:23:58.383+0000] {dag.py:3722} INFO - Setting next_dagrun for orders_dag to None, run_after=None
[2025-07-23T19:23:58.420+0000] {processor.py:179} INFO - Processing /opt/airflow/dags/orders_dag.py took 0.404 seconds
[2025-07-23T19:24:28.763+0000] {processor.py:157} INFO - Started process (PID=34560) to work on /opt/airflow/dags/orders_dag.py
[2025-07-23T19:24:28.765+0000] {processor.py:829} INFO - Processing file /opt/airflow/dags/orders_dag.py for tasks to queue
[2025-07-23T19:24:28.768+0000] {logging_mixin.py:151} INFO - [2025-07-23T19:24:28.767+0000] {dagbag.py:536} INFO - Filling up the DagBag from /opt/airflow/dags/orders_dag.py
[2025-07-23T19:24:29.023+0000] {processor.py:839} INFO - DAG(s) dict_keys(['orders_dag']) retrieved from /opt/airflow/dags/orders_dag.py
[2025-07-23T19:24:29.069+0000] {logging_mixin.py:151} INFO - [2025-07-23T19:24:29.069+0000] {dag.py:2941} INFO - Sync 1 DAGs
[2025-07-23T19:24:29.100+0000] {logging_mixin.py:151} INFO - [2025-07-23T19:24:29.100+0000] {dag.py:3722} INFO - Setting next_dagrun for orders_dag to None, run_after=None
[2025-07-23T19:24:29.141+0000] {processor.py:179} INFO - Processing /opt/airflow/dags/orders_dag.py took 0.387 seconds
[2025-07-23T19:24:59.213+0000] {processor.py:157} INFO - Started process (PID=34804) to work on /opt/airflow/dags/orders_dag.py
[2025-07-23T19:24:59.217+0000] {processor.py:829} INFO - Processing file /opt/airflow/dags/orders_dag.py for tasks to queue
[2025-07-23T19:24:59.219+0000] {logging_mixin.py:151} INFO - [2025-07-23T19:24:59.218+0000] {dagbag.py:536} INFO - Filling up the DagBag from /opt/airflow/dags/orders_dag.py
[2025-07-23T19:24:59.501+0000] {processor.py:839} INFO - DAG(s) dict_keys(['orders_dag']) retrieved from /opt/airflow/dags/orders_dag.py
[2025-07-23T19:24:59.543+0000] {logging_mixin.py:151} INFO - [2025-07-23T19:24:59.543+0000] {dag.py:2941} INFO - Sync 1 DAGs
[2025-07-23T19:24:59.574+0000] {logging_mixin.py:151} INFO - [2025-07-23T19:24:59.573+0000] {dag.py:3722} INFO - Setting next_dagrun for orders_dag to None, run_after=None
[2025-07-23T19:24:59.615+0000] {processor.py:179} INFO - Processing /opt/airflow/dags/orders_dag.py took 0.411 seconds
[2025-07-23T19:25:29.907+0000] {processor.py:157} INFO - Started process (PID=35048) to work on /opt/airflow/dags/orders_dag.py
[2025-07-23T19:25:29.910+0000] {processor.py:829} INFO - Processing file /opt/airflow/dags/orders_dag.py for tasks to queue
[2025-07-23T19:25:29.913+0000] {logging_mixin.py:151} INFO - [2025-07-23T19:25:29.912+0000] {dagbag.py:536} INFO - Filling up the DagBag from /opt/airflow/dags/orders_dag.py
[2025-07-23T19:25:30.197+0000] {processor.py:839} INFO - DAG(s) dict_keys(['orders_dag']) retrieved from /opt/airflow/dags/orders_dag.py
[2025-07-23T19:25:30.238+0000] {logging_mixin.py:151} INFO - [2025-07-23T19:25:30.237+0000] {dag.py:2941} INFO - Sync 1 DAGs
[2025-07-23T19:25:30.267+0000] {logging_mixin.py:151} INFO - [2025-07-23T19:25:30.266+0000] {dag.py:3722} INFO - Setting next_dagrun for orders_dag to None, run_after=None
[2025-07-23T19:25:30.304+0000] {processor.py:179} INFO - Processing /opt/airflow/dags/orders_dag.py took 0.406 seconds
[2025-07-23T19:26:00.623+0000] {processor.py:157} INFO - Started process (PID=35292) to work on /opt/airflow/dags/orders_dag.py
[2025-07-23T19:26:00.626+0000] {processor.py:829} INFO - Processing file /opt/airflow/dags/orders_dag.py for tasks to queue
[2025-07-23T19:26:00.628+0000] {logging_mixin.py:151} INFO - [2025-07-23T19:26:00.628+0000] {dagbag.py:536} INFO - Filling up the DagBag from /opt/airflow/dags/orders_dag.py
[2025-07-23T19:26:00.901+0000] {processor.py:839} INFO - DAG(s) dict_keys(['orders_dag']) retrieved from /opt/airflow/dags/orders_dag.py
[2025-07-23T19:26:00.944+0000] {logging_mixin.py:151} INFO - [2025-07-23T19:26:00.943+0000] {dag.py:2941} INFO - Sync 1 DAGs
[2025-07-23T19:26:00.971+0000] {logging_mixin.py:151} INFO - [2025-07-23T19:26:00.971+0000] {dag.py:3722} INFO - Setting next_dagrun for orders_dag to None, run_after=None
[2025-07-23T19:26:01.007+0000] {processor.py:179} INFO - Processing /opt/airflow/dags/orders_dag.py took 0.399 seconds
