[2025-07-28T17:23:40.850+0000] {processor.py:157} INFO - Started process (PID=19283) to work on /opt/airflow/dags/feedback_dag.py
[2025-07-28T17:23:40.852+0000] {processor.py:829} INFO - Processing file /opt/airflow/dags/feedback_dag.py for tasks to queue
[2025-07-28T17:23:40.853+0000] {logging_mixin.py:151} INFO - [2025-07-28T17:23:40.853+0000] {dagbag.py:536} INFO - Filling up the DagBag from /opt/airflow/dags/feedback_dag.py
[2025-07-28T17:23:40.860+0000] {processor.py:839} INFO - DAG(s) dict_keys(['feedback_dag']) retrieved from /opt/airflow/dags/feedback_dag.py
[2025-07-28T17:23:41.011+0000] {logging_mixin.py:151} INFO - [2025-07-28T17:23:41.010+0000] {manager.py:499} INFO - Created Permission View: %s
[2025-07-28T17:23:41.024+0000] {logging_mixin.py:151} INFO - [2025-07-28T17:23:41.024+0000] {manager.py:499} INFO - Created Permission View: %s
[2025-07-28T17:23:41.033+0000] {logging_mixin.py:151} INFO - [2025-07-28T17:23:41.033+0000] {manager.py:499} INFO - Created Permission View: %s
[2025-07-28T17:23:41.034+0000] {logging_mixin.py:151} INFO - [2025-07-28T17:23:41.034+0000] {dag.py:2941} INFO - Sync 1 DAGs
[2025-07-28T17:23:41.047+0000] {logging_mixin.py:151} INFO - [2025-07-28T17:23:41.047+0000] {dag.py:2963} INFO - Creating ORM DAG for feedback_dag
[2025-07-28T17:23:41.048+0000] {logging_mixin.py:151} INFO - [2025-07-28T17:23:41.047+0000] {dag.py:3722} INFO - Setting next_dagrun for feedback_dag to None, run_after=None
[2025-07-28T17:23:41.068+0000] {processor.py:179} INFO - Processing /opt/airflow/dags/feedback_dag.py took 0.223 seconds
[2025-07-28T17:24:11.578+0000] {processor.py:157} INFO - Started process (PID=19288) to work on /opt/airflow/dags/feedback_dag.py
[2025-07-28T17:24:11.591+0000] {processor.py:829} INFO - Processing file /opt/airflow/dags/feedback_dag.py for tasks to queue
[2025-07-28T17:24:11.603+0000] {logging_mixin.py:151} INFO - [2025-07-28T17:24:11.599+0000] {dagbag.py:536} INFO - Filling up the DagBag from /opt/airflow/dags/feedback_dag.py
[2025-07-28T17:24:11.645+0000] {processor.py:839} INFO - DAG(s) dict_keys(['feedback_dag']) retrieved from /opt/airflow/dags/feedback_dag.py
[2025-07-28T17:24:12.022+0000] {logging_mixin.py:151} INFO - [2025-07-28T17:24:12.019+0000] {dag.py:2941} INFO - Sync 1 DAGs
[2025-07-28T17:24:12.172+0000] {logging_mixin.py:151} INFO - [2025-07-28T17:24:12.169+0000] {dag.py:3722} INFO - Setting next_dagrun for feedback_dag to None, run_after=None
[2025-07-28T17:24:12.479+0000] {processor.py:179} INFO - Processing /opt/airflow/dags/feedback_dag.py took 0.945 seconds
[2025-07-28T17:24:43.157+0000] {processor.py:157} INFO - Started process (PID=19534) to work on /opt/airflow/dags/feedback_dag.py
[2025-07-28T17:24:43.180+0000] {processor.py:829} INFO - Processing file /opt/airflow/dags/feedback_dag.py for tasks to queue
[2025-07-28T17:24:43.193+0000] {logging_mixin.py:151} INFO - [2025-07-28T17:24:43.183+0000] {dagbag.py:536} INFO - Filling up the DagBag from /opt/airflow/dags/feedback_dag.py
[2025-07-28T17:24:43.248+0000] {processor.py:839} INFO - DAG(s) dict_keys(['feedback_dag']) retrieved from /opt/airflow/dags/feedback_dag.py
[2025-07-28T17:24:43.355+0000] {logging_mixin.py:151} INFO - [2025-07-28T17:24:43.352+0000] {dag.py:2941} INFO - Sync 1 DAGs
[2025-07-28T17:24:43.481+0000] {logging_mixin.py:151} INFO - [2025-07-28T17:24:43.481+0000] {dag.py:3722} INFO - Setting next_dagrun for feedback_dag to None, run_after=None
[2025-07-28T17:24:43.627+0000] {processor.py:179} INFO - Processing /opt/airflow/dags/feedback_dag.py took 0.507 seconds
[2025-07-28T17:25:13.899+0000] {processor.py:157} INFO - Started process (PID=19785) to work on /opt/airflow/dags/feedback_dag.py
[2025-07-28T17:25:13.901+0000] {processor.py:829} INFO - Processing file /opt/airflow/dags/feedback_dag.py for tasks to queue
[2025-07-28T17:25:13.903+0000] {logging_mixin.py:151} INFO - [2025-07-28T17:25:13.902+0000] {dagbag.py:536} INFO - Filling up the DagBag from /opt/airflow/dags/feedback_dag.py
[2025-07-28T17:25:13.912+0000] {processor.py:839} INFO - DAG(s) dict_keys(['feedback_dag']) retrieved from /opt/airflow/dags/feedback_dag.py
[2025-07-28T17:25:13.949+0000] {logging_mixin.py:151} INFO - [2025-07-28T17:25:13.949+0000] {dag.py:2941} INFO - Sync 1 DAGs
[2025-07-28T17:25:13.975+0000] {logging_mixin.py:151} INFO - [2025-07-28T17:25:13.975+0000] {dag.py:3722} INFO - Setting next_dagrun for feedback_dag to None, run_after=None
[2025-07-28T17:25:14.006+0000] {processor.py:179} INFO - Processing /opt/airflow/dags/feedback_dag.py took 0.114 seconds
[2025-07-28T17:25:44.449+0000] {processor.py:157} INFO - Started process (PID=20026) to work on /opt/airflow/dags/feedback_dag.py
[2025-07-28T17:25:44.450+0000] {processor.py:829} INFO - Processing file /opt/airflow/dags/feedback_dag.py for tasks to queue
[2025-07-28T17:25:44.456+0000] {logging_mixin.py:151} INFO - [2025-07-28T17:25:44.452+0000] {dagbag.py:536} INFO - Filling up the DagBag from /opt/airflow/dags/feedback_dag.py
[2025-07-28T17:25:44.478+0000] {processor.py:839} INFO - DAG(s) dict_keys(['feedback_dag']) retrieved from /opt/airflow/dags/feedback_dag.py
[2025-07-28T17:25:44.570+0000] {logging_mixin.py:151} INFO - [2025-07-28T17:25:44.570+0000] {dag.py:2941} INFO - Sync 1 DAGs
[2025-07-28T17:25:44.628+0000] {logging_mixin.py:151} INFO - [2025-07-28T17:25:44.628+0000] {dag.py:3722} INFO - Setting next_dagrun for feedback_dag to None, run_after=None
[2025-07-28T17:25:44.713+0000] {processor.py:179} INFO - Processing /opt/airflow/dags/feedback_dag.py took 0.293 seconds
[2025-07-28T17:26:15.035+0000] {processor.py:157} INFO - Started process (PID=20272) to work on /opt/airflow/dags/feedback_dag.py
[2025-07-28T17:26:15.038+0000] {processor.py:829} INFO - Processing file /opt/airflow/dags/feedback_dag.py for tasks to queue
[2025-07-28T17:26:15.040+0000] {logging_mixin.py:151} INFO - [2025-07-28T17:26:15.039+0000] {dagbag.py:536} INFO - Filling up the DagBag from /opt/airflow/dags/feedback_dag.py
[2025-07-28T17:26:15.050+0000] {processor.py:839} INFO - DAG(s) dict_keys(['feedback_dag']) retrieved from /opt/airflow/dags/feedback_dag.py
[2025-07-28T17:26:15.100+0000] {logging_mixin.py:151} INFO - [2025-07-28T17:26:15.100+0000] {dag.py:2941} INFO - Sync 1 DAGs
[2025-07-28T17:26:15.129+0000] {logging_mixin.py:151} INFO - [2025-07-28T17:26:15.128+0000] {dag.py:3722} INFO - Setting next_dagrun for feedback_dag to None, run_after=None
[2025-07-28T17:26:15.163+0000] {processor.py:179} INFO - Processing /opt/airflow/dags/feedback_dag.py took 0.136 seconds
[2025-07-28T17:26:45.357+0000] {processor.py:157} INFO - Started process (PID=20518) to work on /opt/airflow/dags/feedback_dag.py
[2025-07-28T17:26:45.358+0000] {processor.py:829} INFO - Processing file /opt/airflow/dags/feedback_dag.py for tasks to queue
[2025-07-28T17:26:45.360+0000] {logging_mixin.py:151} INFO - [2025-07-28T17:26:45.359+0000] {dagbag.py:536} INFO - Filling up the DagBag from /opt/airflow/dags/feedback_dag.py
[2025-07-28T17:26:45.370+0000] {processor.py:839} INFO - DAG(s) dict_keys(['feedback_dag']) retrieved from /opt/airflow/dags/feedback_dag.py
[2025-07-28T17:26:45.415+0000] {logging_mixin.py:151} INFO - [2025-07-28T17:26:45.415+0000] {dag.py:2941} INFO - Sync 1 DAGs
[2025-07-28T17:26:45.441+0000] {logging_mixin.py:151} INFO - [2025-07-28T17:26:45.441+0000] {dag.py:3722} INFO - Setting next_dagrun for feedback_dag to None, run_after=None
[2025-07-28T17:26:45.471+0000] {processor.py:179} INFO - Processing /opt/airflow/dags/feedback_dag.py took 0.123 seconds
[2025-07-28T17:27:15.637+0000] {processor.py:157} INFO - Started process (PID=20764) to work on /opt/airflow/dags/feedback_dag.py
[2025-07-28T17:27:15.640+0000] {processor.py:829} INFO - Processing file /opt/airflow/dags/feedback_dag.py for tasks to queue
[2025-07-28T17:27:15.641+0000] {logging_mixin.py:151} INFO - [2025-07-28T17:27:15.641+0000] {dagbag.py:536} INFO - Filling up the DagBag from /opt/airflow/dags/feedback_dag.py
[2025-07-28T17:27:15.652+0000] {processor.py:839} INFO - DAG(s) dict_keys(['feedback_dag']) retrieved from /opt/airflow/dags/feedback_dag.py
[2025-07-28T17:27:15.697+0000] {logging_mixin.py:151} INFO - [2025-07-28T17:27:15.697+0000] {dag.py:2941} INFO - Sync 1 DAGs
[2025-07-28T17:27:15.723+0000] {logging_mixin.py:151} INFO - [2025-07-28T17:27:15.722+0000] {dag.py:3722} INFO - Setting next_dagrun for feedback_dag to None, run_after=None
[2025-07-28T17:27:15.754+0000] {processor.py:179} INFO - Processing /opt/airflow/dags/feedback_dag.py took 0.126 seconds
[2025-07-28T17:27:46.263+0000] {processor.py:157} INFO - Started process (PID=21010) to work on /opt/airflow/dags/feedback_dag.py
[2025-07-28T17:27:46.267+0000] {processor.py:829} INFO - Processing file /opt/airflow/dags/feedback_dag.py for tasks to queue
[2025-07-28T17:27:46.268+0000] {logging_mixin.py:151} INFO - [2025-07-28T17:27:46.268+0000] {dagbag.py:536} INFO - Filling up the DagBag from /opt/airflow/dags/feedback_dag.py
[2025-07-28T17:27:46.279+0000] {processor.py:839} INFO - DAG(s) dict_keys(['feedback_dag']) retrieved from /opt/airflow/dags/feedback_dag.py
[2025-07-28T17:27:46.325+0000] {logging_mixin.py:151} INFO - [2025-07-28T17:27:46.325+0000] {dag.py:2941} INFO - Sync 1 DAGs
[2025-07-28T17:27:46.370+0000] {logging_mixin.py:151} INFO - [2025-07-28T17:27:46.370+0000] {dag.py:3722} INFO - Setting next_dagrun for feedback_dag to None, run_after=None
[2025-07-28T17:27:46.413+0000] {processor.py:179} INFO - Processing /opt/airflow/dags/feedback_dag.py took 0.158 seconds
[2025-07-28T17:28:16.758+0000] {processor.py:157} INFO - Started process (PID=21256) to work on /opt/airflow/dags/feedback_dag.py
[2025-07-28T17:28:16.759+0000] {processor.py:829} INFO - Processing file /opt/airflow/dags/feedback_dag.py for tasks to queue
[2025-07-28T17:28:16.761+0000] {logging_mixin.py:151} INFO - [2025-07-28T17:28:16.761+0000] {dagbag.py:536} INFO - Filling up the DagBag from /opt/airflow/dags/feedback_dag.py
[2025-07-28T17:28:16.771+0000] {processor.py:839} INFO - DAG(s) dict_keys(['feedback_dag']) retrieved from /opt/airflow/dags/feedback_dag.py
[2025-07-28T17:28:16.818+0000] {logging_mixin.py:151} INFO - [2025-07-28T17:28:16.818+0000] {dag.py:2941} INFO - Sync 1 DAGs
[2025-07-28T17:28:16.846+0000] {logging_mixin.py:151} INFO - [2025-07-28T17:28:16.845+0000] {dag.py:3722} INFO - Setting next_dagrun for feedback_dag to None, run_after=None
[2025-07-28T17:28:16.876+0000] {processor.py:179} INFO - Processing /opt/airflow/dags/feedback_dag.py took 0.127 seconds
[2025-07-28T17:28:55.359+0000] {processor.py:157} INFO - Started process (PID=21471) to work on /opt/airflow/dags/feedback_dag.py
[2025-07-28T17:28:55.361+0000] {processor.py:829} INFO - Processing file /opt/airflow/dags/feedback_dag.py for tasks to queue
[2025-07-28T17:28:55.373+0000] {logging_mixin.py:151} INFO - [2025-07-28T17:28:55.366+0000] {dagbag.py:536} INFO - Filling up the DagBag from /opt/airflow/dags/feedback_dag.py
[2025-07-28T17:28:55.401+0000] {processor.py:839} INFO - DAG(s) dict_keys(['feedback_dag']) retrieved from /opt/airflow/dags/feedback_dag.py
[2025-07-28T17:28:55.864+0000] {logging_mixin.py:151} INFO - [2025-07-28T17:28:55.864+0000] {dag.py:2941} INFO - Sync 1 DAGs
[2025-07-28T17:28:55.898+0000] {logging_mixin.py:151} INFO - [2025-07-28T17:28:55.897+0000] {dag.py:3722} INFO - Setting next_dagrun for feedback_dag to None, run_after=None
[2025-07-28T17:28:55.942+0000] {processor.py:179} INFO - Processing /opt/airflow/dags/feedback_dag.py took 0.625 seconds
[2025-07-28T17:30:59.507+0000] {processor.py:157} INFO - Started process (PID=161) to work on /opt/airflow/dags/feedback_dag.py
[2025-07-28T17:30:59.522+0000] {processor.py:829} INFO - Processing file /opt/airflow/dags/feedback_dag.py for tasks to queue
[2025-07-28T17:30:59.533+0000] {logging_mixin.py:151} INFO - [2025-07-28T17:30:59.531+0000] {dagbag.py:536} INFO - Filling up the DagBag from /opt/airflow/dags/feedback_dag.py
[2025-07-28T17:30:59.676+0000] {processor.py:839} INFO - DAG(s) dict_keys(['feedback_dag']) retrieved from /opt/airflow/dags/feedback_dag.py
[2025-07-28T17:30:59.919+0000] {logging_mixin.py:151} INFO - [2025-07-28T17:30:59.918+0000] {dag.py:2941} INFO - Sync 1 DAGs
[2025-07-28T17:31:00.031+0000] {logging_mixin.py:151} INFO - [2025-07-28T17:31:00.030+0000] {dag.py:3722} INFO - Setting next_dagrun for feedback_dag to None, run_after=None
[2025-07-28T17:31:00.196+0000] {processor.py:179} INFO - Processing /opt/airflow/dags/feedback_dag.py took 0.723 seconds
[2025-07-28T17:31:30.492+0000] {processor.py:157} INFO - Started process (PID=414) to work on /opt/airflow/dags/feedback_dag.py
[2025-07-28T17:31:30.500+0000] {processor.py:829} INFO - Processing file /opt/airflow/dags/feedback_dag.py for tasks to queue
[2025-07-28T17:31:30.510+0000] {logging_mixin.py:151} INFO - [2025-07-28T17:31:30.501+0000] {dagbag.py:536} INFO - Filling up the DagBag from /opt/airflow/dags/feedback_dag.py
[2025-07-28T17:31:30.563+0000] {processor.py:839} INFO - DAG(s) dict_keys(['feedback_dag']) retrieved from /opt/airflow/dags/feedback_dag.py
[2025-07-28T17:31:30.620+0000] {logging_mixin.py:151} INFO - [2025-07-28T17:31:30.619+0000] {dag.py:2941} INFO - Sync 1 DAGs
[2025-07-28T17:31:30.697+0000] {logging_mixin.py:151} INFO - [2025-07-28T17:31:30.696+0000] {dag.py:3722} INFO - Setting next_dagrun for feedback_dag to None, run_after=None
[2025-07-28T17:31:30.759+0000] {processor.py:179} INFO - Processing /opt/airflow/dags/feedback_dag.py took 0.302 seconds
[2025-07-28T17:32:01.523+0000] {processor.py:157} INFO - Started process (PID=660) to work on /opt/airflow/dags/feedback_dag.py
[2025-07-28T17:32:01.525+0000] {processor.py:829} INFO - Processing file /opt/airflow/dags/feedback_dag.py for tasks to queue
[2025-07-28T17:32:01.529+0000] {logging_mixin.py:151} INFO - [2025-07-28T17:32:01.526+0000] {dagbag.py:536} INFO - Filling up the DagBag from /opt/airflow/dags/feedback_dag.py
[2025-07-28T17:32:01.559+0000] {processor.py:839} INFO - DAG(s) dict_keys(['feedback_dag']) retrieved from /opt/airflow/dags/feedback_dag.py
[2025-07-28T17:32:01.755+0000] {logging_mixin.py:151} INFO - [2025-07-28T17:32:01.755+0000] {dag.py:2941} INFO - Sync 1 DAGs
[2025-07-28T17:32:01.952+0000] {logging_mixin.py:151} INFO - [2025-07-28T17:32:01.952+0000] {dag.py:3722} INFO - Setting next_dagrun for feedback_dag to None, run_after=None
[2025-07-28T17:32:02.046+0000] {processor.py:179} INFO - Processing /opt/airflow/dags/feedback_dag.py took 0.543 seconds
[2025-07-28T17:32:37.785+0000] {processor.py:157} INFO - Started process (PID=800) to work on /opt/airflow/dags/feedback_dag.py
[2025-07-28T17:32:37.788+0000] {processor.py:829} INFO - Processing file /opt/airflow/dags/feedback_dag.py for tasks to queue
[2025-07-28T17:32:37.790+0000] {logging_mixin.py:151} INFO - [2025-07-28T17:32:37.790+0000] {dagbag.py:536} INFO - Filling up the DagBag from /opt/airflow/dags/feedback_dag.py
[2025-07-28T17:32:37.807+0000] {processor.py:839} INFO - DAG(s) dict_keys(['feedback_dag']) retrieved from /opt/airflow/dags/feedback_dag.py
[2025-07-28T17:32:37.988+0000] {logging_mixin.py:151} INFO - [2025-07-28T17:32:37.988+0000] {dag.py:2941} INFO - Sync 1 DAGs
[2025-07-28T17:32:38.020+0000] {logging_mixin.py:151} INFO - [2025-07-28T17:32:38.020+0000] {dag.py:3722} INFO - Setting next_dagrun for feedback_dag to None, run_after=None
[2025-07-28T17:32:38.192+0000] {processor.py:179} INFO - Processing /opt/airflow/dags/feedback_dag.py took 0.415 seconds
[2025-07-28T17:33:08.939+0000] {processor.py:157} INFO - Started process (PID=1048) to work on /opt/airflow/dags/feedback_dag.py
[2025-07-28T17:33:08.941+0000] {processor.py:829} INFO - Processing file /opt/airflow/dags/feedback_dag.py for tasks to queue
[2025-07-28T17:33:08.943+0000] {logging_mixin.py:151} INFO - [2025-07-28T17:33:08.942+0000] {dagbag.py:536} INFO - Filling up the DagBag from /opt/airflow/dags/feedback_dag.py
[2025-07-28T17:33:08.959+0000] {processor.py:839} INFO - DAG(s) dict_keys(['feedback_dag']) retrieved from /opt/airflow/dags/feedback_dag.py
[2025-07-28T17:33:09.017+0000] {logging_mixin.py:151} INFO - [2025-07-28T17:33:09.017+0000] {dag.py:2941} INFO - Sync 1 DAGs
[2025-07-28T17:33:09.070+0000] {logging_mixin.py:151} INFO - [2025-07-28T17:33:09.070+0000] {dag.py:3722} INFO - Setting next_dagrun for feedback_dag to None, run_after=None
[2025-07-28T17:33:09.109+0000] {processor.py:179} INFO - Processing /opt/airflow/dags/feedback_dag.py took 0.180 seconds
[2025-07-28T17:41:39.366+0000] {processor.py:157} INFO - Started process (PID=161) to work on /opt/airflow/dags/feedback_dag.py
[2025-07-28T17:41:39.374+0000] {processor.py:829} INFO - Processing file /opt/airflow/dags/feedback_dag.py for tasks to queue
[2025-07-28T17:41:39.375+0000] {logging_mixin.py:151} INFO - [2025-07-28T17:41:39.375+0000] {dagbag.py:536} INFO - Filling up the DagBag from /opt/airflow/dags/feedback_dag.py
[2025-07-28T17:41:39.455+0000] {processor.py:839} INFO - DAG(s) dict_keys(['feedback_dag']) retrieved from /opt/airflow/dags/feedback_dag.py
[2025-07-28T17:41:39.584+0000] {logging_mixin.py:151} INFO - [2025-07-28T17:41:39.584+0000] {dag.py:2941} INFO - Sync 1 DAGs
[2025-07-28T17:41:39.611+0000] {logging_mixin.py:151} INFO - [2025-07-28T17:41:39.611+0000] {dag.py:3722} INFO - Setting next_dagrun for feedback_dag to None, run_after=None
[2025-07-28T17:41:39.652+0000] {processor.py:179} INFO - Processing /opt/airflow/dags/feedback_dag.py took 0.313 seconds
[2025-07-28T17:42:10.095+0000] {processor.py:157} INFO - Started process (PID=410) to work on /opt/airflow/dags/feedback_dag.py
[2025-07-28T17:42:10.099+0000] {processor.py:829} INFO - Processing file /opt/airflow/dags/feedback_dag.py for tasks to queue
[2025-07-28T17:42:10.101+0000] {logging_mixin.py:151} INFO - [2025-07-28T17:42:10.100+0000] {dagbag.py:536} INFO - Filling up the DagBag from /opt/airflow/dags/feedback_dag.py
[2025-07-28T17:42:10.116+0000] {processor.py:839} INFO - DAG(s) dict_keys(['feedback_dag']) retrieved from /opt/airflow/dags/feedback_dag.py
[2025-07-28T17:42:10.162+0000] {logging_mixin.py:151} INFO - [2025-07-28T17:42:10.161+0000] {dag.py:2941} INFO - Sync 1 DAGs
[2025-07-28T17:42:10.190+0000] {logging_mixin.py:151} INFO - [2025-07-28T17:42:10.190+0000] {dag.py:3722} INFO - Setting next_dagrun for feedback_dag to None, run_after=None
[2025-07-28T17:42:10.222+0000] {processor.py:179} INFO - Processing /opt/airflow/dags/feedback_dag.py took 0.135 seconds
[2025-07-28T17:42:40.667+0000] {processor.py:157} INFO - Started process (PID=656) to work on /opt/airflow/dags/feedback_dag.py
[2025-07-28T17:42:40.670+0000] {processor.py:829} INFO - Processing file /opt/airflow/dags/feedback_dag.py for tasks to queue
[2025-07-28T17:42:40.672+0000] {logging_mixin.py:151} INFO - [2025-07-28T17:42:40.671+0000] {dagbag.py:536} INFO - Filling up the DagBag from /opt/airflow/dags/feedback_dag.py
[2025-07-28T17:42:40.697+0000] {processor.py:839} INFO - DAG(s) dict_keys(['feedback_dag']) retrieved from /opt/airflow/dags/feedback_dag.py
[2025-07-28T17:42:40.741+0000] {logging_mixin.py:151} INFO - [2025-07-28T17:42:40.740+0000] {dag.py:2941} INFO - Sync 1 DAGs
[2025-07-28T17:42:40.768+0000] {logging_mixin.py:151} INFO - [2025-07-28T17:42:40.767+0000] {dag.py:3722} INFO - Setting next_dagrun for feedback_dag to None, run_after=None
[2025-07-28T17:42:40.800+0000] {processor.py:179} INFO - Processing /opt/airflow/dags/feedback_dag.py took 0.142 seconds
[2025-07-28T17:43:11.118+0000] {processor.py:157} INFO - Started process (PID=902) to work on /opt/airflow/dags/feedback_dag.py
[2025-07-28T17:43:11.121+0000] {processor.py:829} INFO - Processing file /opt/airflow/dags/feedback_dag.py for tasks to queue
[2025-07-28T17:43:11.124+0000] {logging_mixin.py:151} INFO - [2025-07-28T17:43:11.122+0000] {dagbag.py:536} INFO - Filling up the DagBag from /opt/airflow/dags/feedback_dag.py
[2025-07-28T17:43:11.153+0000] {processor.py:839} INFO - DAG(s) dict_keys(['feedback_dag']) retrieved from /opt/airflow/dags/feedback_dag.py
[2025-07-28T17:43:11.206+0000] {logging_mixin.py:151} INFO - [2025-07-28T17:43:11.206+0000] {dag.py:2941} INFO - Sync 1 DAGs
[2025-07-28T17:43:11.233+0000] {logging_mixin.py:151} INFO - [2025-07-28T17:43:11.233+0000] {dag.py:3722} INFO - Setting next_dagrun for feedback_dag to None, run_after=None
[2025-07-28T17:43:11.267+0000] {processor.py:179} INFO - Processing /opt/airflow/dags/feedback_dag.py took 0.156 seconds
[2025-07-28T17:44:13.022+0000] {processor.py:157} INFO - Started process (PID=1148) to work on /opt/airflow/dags/feedback_dag.py
[2025-07-28T17:44:13.037+0000] {processor.py:829} INFO - Processing file /opt/airflow/dags/feedback_dag.py for tasks to queue
[2025-07-28T17:44:13.060+0000] {logging_mixin.py:151} INFO - [2025-07-28T17:44:13.044+0000] {dagbag.py:536} INFO - Filling up the DagBag from /opt/airflow/dags/feedback_dag.py
[2025-07-28T17:44:13.113+0000] {processor.py:839} INFO - DAG(s) dict_keys(['feedback_dag']) retrieved from /opt/airflow/dags/feedback_dag.py
[2025-07-28T17:44:13.411+0000] {logging_mixin.py:151} INFO - [2025-07-28T17:44:13.408+0000] {dag.py:2941} INFO - Sync 1 DAGs
[2025-07-28T17:44:13.546+0000] {logging_mixin.py:151} INFO - [2025-07-28T17:44:13.546+0000] {dag.py:3722} INFO - Setting next_dagrun for feedback_dag to None, run_after=None
[2025-07-28T17:44:13.731+0000] {processor.py:179} INFO - Processing /opt/airflow/dags/feedback_dag.py took 0.763 seconds
[2025-07-28T17:44:44.151+0000] {processor.py:157} INFO - Started process (PID=1394) to work on /opt/airflow/dags/feedback_dag.py
[2025-07-28T17:44:44.154+0000] {processor.py:829} INFO - Processing file /opt/airflow/dags/feedback_dag.py for tasks to queue
[2025-07-28T17:44:44.156+0000] {logging_mixin.py:151} INFO - [2025-07-28T17:44:44.155+0000] {dagbag.py:536} INFO - Filling up the DagBag from /opt/airflow/dags/feedback_dag.py
[2025-07-28T17:44:44.170+0000] {processor.py:839} INFO - DAG(s) dict_keys(['feedback_dag']) retrieved from /opt/airflow/dags/feedback_dag.py
[2025-07-28T17:44:44.214+0000] {logging_mixin.py:151} INFO - [2025-07-28T17:44:44.214+0000] {dag.py:2941} INFO - Sync 1 DAGs
[2025-07-28T17:44:44.242+0000] {logging_mixin.py:151} INFO - [2025-07-28T17:44:44.242+0000] {dag.py:3722} INFO - Setting next_dagrun for feedback_dag to None, run_after=None
[2025-07-28T17:44:44.298+0000] {processor.py:179} INFO - Processing /opt/airflow/dags/feedback_dag.py took 0.155 seconds
[2025-07-28T17:45:14.623+0000] {processor.py:157} INFO - Started process (PID=1640) to work on /opt/airflow/dags/feedback_dag.py
[2025-07-28T17:45:14.626+0000] {processor.py:829} INFO - Processing file /opt/airflow/dags/feedback_dag.py for tasks to queue
[2025-07-28T17:45:14.628+0000] {logging_mixin.py:151} INFO - [2025-07-28T17:45:14.628+0000] {dagbag.py:536} INFO - Filling up the DagBag from /opt/airflow/dags/feedback_dag.py
[2025-07-28T17:45:14.643+0000] {processor.py:839} INFO - DAG(s) dict_keys(['feedback_dag']) retrieved from /opt/airflow/dags/feedback_dag.py
[2025-07-28T17:45:14.695+0000] {logging_mixin.py:151} INFO - [2025-07-28T17:45:14.694+0000] {dag.py:2941} INFO - Sync 1 DAGs
[2025-07-28T17:45:14.737+0000] {logging_mixin.py:151} INFO - [2025-07-28T17:45:14.735+0000] {dag.py:3722} INFO - Setting next_dagrun for feedback_dag to None, run_after=None
[2025-07-28T17:45:14.824+0000] {processor.py:179} INFO - Processing /opt/airflow/dags/feedback_dag.py took 0.209 seconds
[2025-07-28T17:45:45.292+0000] {processor.py:157} INFO - Started process (PID=1886) to work on /opt/airflow/dags/feedback_dag.py
[2025-07-28T17:45:45.296+0000] {processor.py:829} INFO - Processing file /opt/airflow/dags/feedback_dag.py for tasks to queue
[2025-07-28T17:45:45.297+0000] {logging_mixin.py:151} INFO - [2025-07-28T17:45:45.297+0000] {dagbag.py:536} INFO - Filling up the DagBag from /opt/airflow/dags/feedback_dag.py
[2025-07-28T17:45:45.312+0000] {processor.py:839} INFO - DAG(s) dict_keys(['feedback_dag']) retrieved from /opt/airflow/dags/feedback_dag.py
[2025-07-28T17:45:45.354+0000] {logging_mixin.py:151} INFO - [2025-07-28T17:45:45.354+0000] {dag.py:2941} INFO - Sync 1 DAGs
[2025-07-28T17:45:45.381+0000] {logging_mixin.py:151} INFO - [2025-07-28T17:45:45.380+0000] {dag.py:3722} INFO - Setting next_dagrun for feedback_dag to None, run_after=None
[2025-07-28T17:45:45.415+0000] {processor.py:179} INFO - Processing /opt/airflow/dags/feedback_dag.py took 0.131 seconds
[2025-07-28T17:46:15.775+0000] {processor.py:157} INFO - Started process (PID=2132) to work on /opt/airflow/dags/feedback_dag.py
[2025-07-28T17:46:15.778+0000] {processor.py:829} INFO - Processing file /opt/airflow/dags/feedback_dag.py for tasks to queue
[2025-07-28T17:46:15.780+0000] {logging_mixin.py:151} INFO - [2025-07-28T17:46:15.779+0000] {dagbag.py:536} INFO - Filling up the DagBag from /opt/airflow/dags/feedback_dag.py
[2025-07-28T17:46:15.795+0000] {processor.py:839} INFO - DAG(s) dict_keys(['feedback_dag']) retrieved from /opt/airflow/dags/feedback_dag.py
[2025-07-28T17:46:15.840+0000] {logging_mixin.py:151} INFO - [2025-07-28T17:46:15.840+0000] {dag.py:2941} INFO - Sync 1 DAGs
[2025-07-28T17:46:15.868+0000] {logging_mixin.py:151} INFO - [2025-07-28T17:46:15.867+0000] {dag.py:3722} INFO - Setting next_dagrun for feedback_dag to None, run_after=None
[2025-07-28T17:46:15.901+0000] {processor.py:179} INFO - Processing /opt/airflow/dags/feedback_dag.py took 0.134 seconds
[2025-07-28T17:46:46.698+0000] {processor.py:157} INFO - Started process (PID=2378) to work on /opt/airflow/dags/feedback_dag.py
[2025-07-28T17:46:46.706+0000] {processor.py:829} INFO - Processing file /opt/airflow/dags/feedback_dag.py for tasks to queue
[2025-07-28T17:46:46.714+0000] {logging_mixin.py:151} INFO - [2025-07-28T17:46:46.708+0000] {dagbag.py:536} INFO - Filling up the DagBag from /opt/airflow/dags/feedback_dag.py
[2025-07-28T17:46:46.750+0000] {processor.py:839} INFO - DAG(s) dict_keys(['feedback_dag']) retrieved from /opt/airflow/dags/feedback_dag.py
[2025-07-28T17:46:46.930+0000] {logging_mixin.py:151} INFO - [2025-07-28T17:46:46.929+0000] {dag.py:2941} INFO - Sync 1 DAGs
[2025-07-28T17:46:46.988+0000] {logging_mixin.py:151} INFO - [2025-07-28T17:46:46.986+0000] {dag.py:3722} INFO - Setting next_dagrun for feedback_dag to None, run_after=None
[2025-07-28T17:46:47.058+0000] {processor.py:179} INFO - Processing /opt/airflow/dags/feedback_dag.py took 0.387 seconds
[2025-07-28T17:47:18.772+0000] {processor.py:157} INFO - Started process (PID=2621) to work on /opt/airflow/dags/feedback_dag.py
[2025-07-28T17:47:18.775+0000] {processor.py:829} INFO - Processing file /opt/airflow/dags/feedback_dag.py for tasks to queue
[2025-07-28T17:47:18.776+0000] {logging_mixin.py:151} INFO - [2025-07-28T17:47:18.776+0000] {dagbag.py:536} INFO - Filling up the DagBag from /opt/airflow/dags/feedback_dag.py
[2025-07-28T17:47:18.789+0000] {processor.py:839} INFO - DAG(s) dict_keys(['feedback_dag']) retrieved from /opt/airflow/dags/feedback_dag.py
[2025-07-28T17:47:18.829+0000] {logging_mixin.py:151} INFO - [2025-07-28T17:47:18.828+0000] {dag.py:2941} INFO - Sync 1 DAGs
[2025-07-28T17:47:18.855+0000] {logging_mixin.py:151} INFO - [2025-07-28T17:47:18.854+0000] {dag.py:3722} INFO - Setting next_dagrun for feedback_dag to None, run_after=None
[2025-07-28T17:47:18.885+0000] {processor.py:179} INFO - Processing /opt/airflow/dags/feedback_dag.py took 0.118 seconds
[2025-07-28T17:47:49.014+0000] {processor.py:157} INFO - Started process (PID=2817) to work on /opt/airflow/dags/feedback_dag.py
[2025-07-28T17:47:49.016+0000] {processor.py:829} INFO - Processing file /opt/airflow/dags/feedback_dag.py for tasks to queue
[2025-07-28T17:47:49.018+0000] {logging_mixin.py:151} INFO - [2025-07-28T17:47:49.018+0000] {dagbag.py:536} INFO - Filling up the DagBag from /opt/airflow/dags/feedback_dag.py
[2025-07-28T17:47:49.033+0000] {processor.py:839} INFO - DAG(s) dict_keys(['feedback_dag']) retrieved from /opt/airflow/dags/feedback_dag.py
[2025-07-28T17:47:49.074+0000] {logging_mixin.py:151} INFO - [2025-07-28T17:47:49.074+0000] {dag.py:2941} INFO - Sync 1 DAGs
[2025-07-28T17:47:49.104+0000] {logging_mixin.py:151} INFO - [2025-07-28T17:47:49.103+0000] {dag.py:3722} INFO - Setting next_dagrun for feedback_dag to None, run_after=None
[2025-07-28T17:47:49.137+0000] {processor.py:179} INFO - Processing /opt/airflow/dags/feedback_dag.py took 0.131 seconds
[2025-07-28T17:48:19.237+0000] {processor.py:157} INFO - Started process (PID=3058) to work on /opt/airflow/dags/feedback_dag.py
[2025-07-28T17:48:19.239+0000] {processor.py:829} INFO - Processing file /opt/airflow/dags/feedback_dag.py for tasks to queue
[2025-07-28T17:48:19.241+0000] {logging_mixin.py:151} INFO - [2025-07-28T17:48:19.240+0000] {dagbag.py:536} INFO - Filling up the DagBag from /opt/airflow/dags/feedback_dag.py
[2025-07-28T17:48:19.254+0000] {processor.py:839} INFO - DAG(s) dict_keys(['feedback_dag']) retrieved from /opt/airflow/dags/feedback_dag.py
[2025-07-28T17:48:19.292+0000] {logging_mixin.py:151} INFO - [2025-07-28T17:48:19.292+0000] {dag.py:2941} INFO - Sync 1 DAGs
[2025-07-28T17:48:19.317+0000] {logging_mixin.py:151} INFO - [2025-07-28T17:48:19.317+0000] {dag.py:3722} INFO - Setting next_dagrun for feedback_dag to None, run_after=None
[2025-07-28T17:48:19.348+0000] {processor.py:179} INFO - Processing /opt/airflow/dags/feedback_dag.py took 0.118 seconds
[2025-07-28T17:48:49.726+0000] {processor.py:157} INFO - Started process (PID=3299) to work on /opt/airflow/dags/feedback_dag.py
[2025-07-28T17:48:49.728+0000] {processor.py:829} INFO - Processing file /opt/airflow/dags/feedback_dag.py for tasks to queue
[2025-07-28T17:48:49.730+0000] {logging_mixin.py:151} INFO - [2025-07-28T17:48:49.729+0000] {dagbag.py:536} INFO - Filling up the DagBag from /opt/airflow/dags/feedback_dag.py
[2025-07-28T17:48:49.745+0000] {processor.py:839} INFO - DAG(s) dict_keys(['feedback_dag']) retrieved from /opt/airflow/dags/feedback_dag.py
[2025-07-28T17:48:49.784+0000] {logging_mixin.py:151} INFO - [2025-07-28T17:48:49.783+0000] {dag.py:2941} INFO - Sync 1 DAGs
[2025-07-28T17:48:49.811+0000] {logging_mixin.py:151} INFO - [2025-07-28T17:48:49.810+0000] {dag.py:3722} INFO - Setting next_dagrun for feedback_dag to None, run_after=None
[2025-07-28T17:48:49.847+0000] {processor.py:179} INFO - Processing /opt/airflow/dags/feedback_dag.py took 0.129 seconds
[2025-07-28T17:49:20.230+0000] {processor.py:157} INFO - Started process (PID=3540) to work on /opt/airflow/dags/feedback_dag.py
[2025-07-28T17:49:20.232+0000] {processor.py:829} INFO - Processing file /opt/airflow/dags/feedback_dag.py for tasks to queue
[2025-07-28T17:49:20.234+0000] {logging_mixin.py:151} INFO - [2025-07-28T17:49:20.233+0000] {dagbag.py:536} INFO - Filling up the DagBag from /opt/airflow/dags/feedback_dag.py
[2025-07-28T17:49:20.247+0000] {processor.py:839} INFO - DAG(s) dict_keys(['feedback_dag']) retrieved from /opt/airflow/dags/feedback_dag.py
[2025-07-28T17:49:20.288+0000] {logging_mixin.py:151} INFO - [2025-07-28T17:49:20.288+0000] {dag.py:2941} INFO - Sync 1 DAGs
[2025-07-28T17:49:20.318+0000] {logging_mixin.py:151} INFO - [2025-07-28T17:49:20.317+0000] {dag.py:3722} INFO - Setting next_dagrun for feedback_dag to None, run_after=None
[2025-07-28T17:49:20.351+0000] {processor.py:179} INFO - Processing /opt/airflow/dags/feedback_dag.py took 0.129 seconds
[2025-07-28T17:49:56.624+0000] {processor.py:157} INFO - Started process (PID=3781) to work on /opt/airflow/dags/feedback_dag.py
[2025-07-28T17:49:56.632+0000] {processor.py:829} INFO - Processing file /opt/airflow/dags/feedback_dag.py for tasks to queue
[2025-07-28T17:49:56.638+0000] {logging_mixin.py:151} INFO - [2025-07-28T17:49:56.633+0000] {dagbag.py:536} INFO - Filling up the DagBag from /opt/airflow/dags/feedback_dag.py
[2025-07-28T17:49:56.689+0000] {processor.py:839} INFO - DAG(s) dict_keys(['feedback_dag']) retrieved from /opt/airflow/dags/feedback_dag.py
[2025-07-28T17:49:56.830+0000] {logging_mixin.py:151} INFO - [2025-07-28T17:49:56.830+0000] {dag.py:2941} INFO - Sync 1 DAGs
[2025-07-28T17:49:56.930+0000] {logging_mixin.py:151} INFO - [2025-07-28T17:49:56.930+0000] {dag.py:3722} INFO - Setting next_dagrun for feedback_dag to None, run_after=None
[2025-07-28T17:49:57.064+0000] {processor.py:179} INFO - Processing /opt/airflow/dags/feedback_dag.py took 0.464 seconds
[2025-07-28T17:51:02.606+0000] {processor.py:157} INFO - Started process (PID=3864) to work on /opt/airflow/dags/feedback_dag.py
[2025-07-28T17:51:02.633+0000] {processor.py:829} INFO - Processing file /opt/airflow/dags/feedback_dag.py for tasks to queue
[2025-07-28T17:51:02.666+0000] {logging_mixin.py:151} INFO - [2025-07-28T17:51:02.641+0000] {dagbag.py:536} INFO - Filling up the DagBag from /opt/airflow/dags/feedback_dag.py
[2025-07-28T17:51:02.809+0000] {processor.py:839} INFO - DAG(s) dict_keys(['feedback_dag']) retrieved from /opt/airflow/dags/feedback_dag.py
[2025-07-28T17:51:03.024+0000] {logging_mixin.py:151} INFO - [2025-07-28T17:51:03.024+0000] {dag.py:2941} INFO - Sync 1 DAGs
[2025-07-28T17:51:03.227+0000] {logging_mixin.py:151} INFO - [2025-07-28T17:51:03.222+0000] {dag.py:3722} INFO - Setting next_dagrun for feedback_dag to None, run_after=None
[2025-07-28T17:51:03.536+0000] {processor.py:179} INFO - Processing /opt/airflow/dags/feedback_dag.py took 1.057 seconds
[2025-07-28T17:51:34.152+0000] {processor.py:157} INFO - Started process (PID=4110) to work on /opt/airflow/dags/feedback_dag.py
[2025-07-28T17:51:34.154+0000] {processor.py:829} INFO - Processing file /opt/airflow/dags/feedback_dag.py for tasks to queue
[2025-07-28T17:51:34.156+0000] {logging_mixin.py:151} INFO - [2025-07-28T17:51:34.156+0000] {dagbag.py:536} INFO - Filling up the DagBag from /opt/airflow/dags/feedback_dag.py
[2025-07-28T17:51:34.171+0000] {processor.py:839} INFO - DAG(s) dict_keys(['feedback_dag']) retrieved from /opt/airflow/dags/feedback_dag.py
[2025-07-28T17:51:34.216+0000] {logging_mixin.py:151} INFO - [2025-07-28T17:51:34.215+0000] {dag.py:2941} INFO - Sync 1 DAGs
[2025-07-28T17:51:34.243+0000] {logging_mixin.py:151} INFO - [2025-07-28T17:51:34.243+0000] {dag.py:3722} INFO - Setting next_dagrun for feedback_dag to None, run_after=None
[2025-07-28T17:51:34.277+0000] {processor.py:179} INFO - Processing /opt/airflow/dags/feedback_dag.py took 0.133 seconds
